Performing C SOURCE FILE Test CMAKE_HAVE_LIBC_PTHREAD failed with the following output:
Change Dir: /tugraph-db/build/CMakeFiles/CMakeScratch/TryCompile-KuYr8O

Run Build Command(s):/usr/bin/make -f Makefile cmTC_52ccc/fast && /usr/bin/make  -f CMakeFiles/cmTC_52ccc.dir/build.make CMakeFiles/cmTC_52ccc.dir/build
make[1]: 进入目录“/tugraph-db/build/CMakeFiles/CMakeScratch/TryCompile-KuYr8O”
Building C object CMakeFiles/cmTC_52ccc.dir/src.c.o
/usr/local/bin/cc -DCMAKE_HAVE_LIBC_PTHREAD   -o CMakeFiles/cmTC_52ccc.dir/src.c.o -c /tugraph-db/build/CMakeFiles/CMakeScratch/TryCompile-KuYr8O/src.c
Linking C executable cmTC_52ccc
/usr/local/bin/cmake -E cmake_link_script CMakeFiles/cmTC_52ccc.dir/link.txt --verbose=1
/usr/local/bin/cc CMakeFiles/cmTC_52ccc.dir/src.c.o -o cmTC_52ccc 
CMakeFiles/cmTC_52ccc.dir/src.c.o：在函数‘main’中：
src.c:(.text+0x2d)：对‘pthread_create’未定义的引用
src.c:(.text+0x39)：对‘pthread_detach’未定义的引用
src.c:(.text+0x45)：对‘pthread_cancel’未定义的引用
src.c:(.text+0x56)：对‘pthread_join’未定义的引用
src.c:(.text+0x6a)：对‘pthread_atfork’未定义的引用
collect2: 错误：ld 返回 1
CMakeFiles/cmTC_52ccc.dir/build.make:98: recipe for target 'cmTC_52ccc' failed
make[1]: *** [cmTC_52ccc] Error 1
make[1]: 离开目录“/tugraph-db/build/CMakeFiles/CMakeScratch/TryCompile-KuYr8O”
Makefile:127: recipe for target 'cmTC_52ccc/fast' failed
make: *** [cmTC_52ccc/fast] Error 2


Source file was:
#include <pthread.h>

static void* test_func(void* data)
{
  return data;
}

int main(void)
{
  pthread_t thread;
  pthread_create(&thread, NULL, test_func, NULL);
  pthread_detach(thread);
  pthread_cancel(thread);
  pthread_join(thread, NULL);
  pthread_atfork(NULL, NULL, NULL);
  pthread_exit(NULL);

  return 0;
}


Determining if the function pthread_create exists in the pthreads failed with the following output:
Change Dir: /tugraph-db/build/CMakeFiles/CMakeScratch/TryCompile-IjeCvm

Run Build Command(s):/usr/bin/make -f Makefile cmTC_6935b/fast && /usr/bin/make  -f CMakeFiles/cmTC_6935b.dir/build.make CMakeFiles/cmTC_6935b.dir/build
make[1]: 进入目录“/tugraph-db/build/CMakeFiles/CMakeScratch/TryCompile-IjeCvm”
Building C object CMakeFiles/cmTC_6935b.dir/CheckFunctionExists.c.o
/usr/local/bin/cc   -DCHECK_FUNCTION_EXISTS=pthread_create -o CMakeFiles/cmTC_6935b.dir/CheckFunctionExists.c.o -c /tugraph-db/build/CMakeFiles/CMakeScratch/TryCompile-IjeCvm/CheckFunctionExists.c
Linking C executable cmTC_6935b
/usr/local/bin/cmake -E cmake_link_script CMakeFiles/cmTC_6935b.dir/link.txt --verbose=1
/usr/local/bin/cc  -DCHECK_FUNCTION_EXISTS=pthread_create CMakeFiles/cmTC_6935b.dir/CheckFunctionExists.c.o -o cmTC_6935b  -lpthreads 
/usr/bin/ld: 找不到 -lpthreads
collect2: 错误：ld 返回 1
CMakeFiles/cmTC_6935b.dir/build.make:98: recipe for target 'cmTC_6935b' failed
make[1]: *** [cmTC_6935b] Error 1
make[1]: 离开目录“/tugraph-db/build/CMakeFiles/CMakeScratch/TryCompile-IjeCvm”
Makefile:127: recipe for target 'cmTC_6935b/fast' failed
make: *** [cmTC_6935b/fast] Error 2



