The system is: Linux - 5.4.0-164-generic - x86_64
Compiling the C compiler identification source file "CMakeCCompilerId.c" succeeded.
Compiler: /usr/local/bin/cc 
Build flags: 
Id flags:  

The output was:
0


Compilation of the C compiler identification source "CMakeCCompilerId.c" produced "a.out"

The C compiler identification is GNU, found in "/tugraph-db/build/CMakeFiles/3.25.2/CompilerIdC/a.out"

Compiling the CXX compiler identification source file "CMakeCXXCompilerId.cpp" succeeded.
Compiler: /usr/local/bin/c++ 
Build flags: 
Id flags:  

The output was:
0


Compilation of the CXX compiler identification source "CMakeCXXCompilerId.cpp" produced "a.out"

The CXX compiler identification is GNU, found in "/tugraph-db/build/CMakeFiles/3.25.2/CompilerIdCXX/a.out"

Detecting C compiler ABI info compiled with the following output:
Change Dir: /tugraph-db/build/CMakeFiles/CMakeScratch/TryCompile-q28dDJ

Run Build Command(s):/usr/bin/make -f Makefile cmTC_fba3c/fast && /usr/bin/make  -f CMakeFiles/cmTC_fba3c.dir/build.make CMakeFiles/cmTC_fba3c.dir/build
make[1]: Entering directory '/tugraph-db/build/CMakeFiles/CMakeScratch/TryCompile-q28dDJ'
Building C object CMakeFiles/cmTC_fba3c.dir/CMakeCCompilerABI.c.o
/usr/local/bin/cc   -v -o CMakeFiles/cmTC_fba3c.dir/CMakeCCompilerABI.c.o -c /usr/local/share/cmake-3.25/Modules/CMakeCCompilerABI.c
Using built-in specs.
COLLECT_GCC=/usr/local/bin/cc
Target: x86_64-pc-linux-gnu
Configured with: ../configure CFLAGS=-fPIC CXXFLAGS=-fPIC -enable-checking=release -enable-languages=c,c++ -disable-multilib
Thread model: posix
gcc version 8.4.0 (GCC) 
COLLECT_GCC_OPTIONS='-v' '-o' 'CMakeFiles/cmTC_fba3c.dir/CMakeCCompilerABI.c.o' '-c' '-mtune=generic' '-march=x86-64'
 /usr/local/libexec/gcc/x86_64-pc-linux-gnu/8.4.0/cc1 -quiet -v -imultiarch x86_64-linux-gnu /usr/local/share/cmake-3.25/Modules/CMakeCCompilerABI.c -quiet -dumpbase CMakeCCompilerABI.c -mtune=generic -march=x86-64 -auxbase-strip CMakeFiles/cmTC_fba3c.dir/CMakeCCompilerABI.c.o -version -o /tmp/cc9hbiXL.s
GNU C17 (GCC) version 8.4.0 (x86_64-pc-linux-gnu)
	compiled by GNU C version 8.4.0, GMP version 6.1.0, MPFR version 3.1.4, MPC version 1.0.3, isl version isl-0.18-GMP

GGC heuristics: --param ggc-min-expand=100 --param ggc-min-heapsize=131072
ignoring nonexistent directory "/usr/local/include/x86_64-linux-gnu"
ignoring nonexistent directory "/usr/local/lib/gcc/x86_64-pc-linux-gnu/8.4.0/../../../../x86_64-pc-linux-gnu/include"
#include "..." search starts here:
#include <...> search starts here:
 /usr/local/lib/gcc/x86_64-pc-linux-gnu/8.4.0/include
 /usr/local/include
 /usr/local/lib/gcc/x86_64-pc-linux-gnu/8.4.0/include-fixed
 /usr/include/x86_64-linux-gnu
 /usr/include
End of search list.
GNU C17 (GCC) version 8.4.0 (x86_64-pc-linux-gnu)
	compiled by GNU C version 8.4.0, GMP version 6.1.0, MPFR version 3.1.4, MPC version 1.0.3, isl version isl-0.18-GMP

GGC heuristics: --param ggc-min-expand=100 --param ggc-min-heapsize=131072
Compiler executable checksum: 442229d550ab85eac22d842707830b02
COLLECT_GCC_OPTIONS='-v' '-o' 'CMakeFiles/cmTC_fba3c.dir/CMakeCCompilerABI.c.o' '-c' '-mtune=generic' '-march=x86-64'
 as -v --64 -o CMakeFiles/cmTC_fba3c.dir/CMakeCCompilerABI.c.o /tmp/cc9hbiXL.s
GNU assembler version 2.30 (x86_64-linux-gnu) using BFD version (GNU Binutils for Ubuntu) 2.30
COMPILER_PATH=/usr/local/libexec/gcc/x86_64-pc-linux-gnu/8.4.0/:/usr/local/libexec/gcc/x86_64-pc-linux-gnu/8.4.0/:/usr/local/libexec/gcc/x86_64-pc-linux-gnu/:/usr/local/lib/gcc/x86_64-pc-linux-gnu/8.4.0/:/usr/local/lib/gcc/x86_64-pc-linux-gnu/
LIBRARY_PATH=/usr/local/lib/gcc/x86_64-pc-linux-gnu/8.4.0/:/usr/local/lib/gcc/x86_64-pc-linux-gnu/8.4.0/../../../../lib64/:/lib/x86_64-linux-gnu/:/lib/../lib64/:/usr/lib/x86_64-linux-gnu/:/usr/local/lib/gcc/x86_64-pc-linux-gnu/8.4.0/../../../:/lib/:/usr/lib/
COLLECT_GCC_OPTIONS='-v' '-o' 'CMakeFiles/cmTC_fba3c.dir/CMakeCCompilerABI.c.o' '-c' '-mtune=generic' '-march=x86-64'
Linking C executable cmTC_fba3c
/usr/local/bin/cmake -E cmake_link_script CMakeFiles/cmTC_fba3c.dir/link.txt --verbose=1
/usr/local/bin/cc  -v CMakeFiles/cmTC_fba3c.dir/CMakeCCompilerABI.c.o -o cmTC_fba3c 
Using built-in specs.
COLLECT_GCC=/usr/local/bin/cc
COLLECT_LTO_WRAPPER=/usr/local/libexec/gcc/x86_64-pc-linux-gnu/8.4.0/lto-wrapper
Target: x86_64-pc-linux-gnu
Configured with: ../configure CFLAGS=-fPIC CXXFLAGS=-fPIC -enable-checking=release -enable-languages=c,c++ -disable-multilib
Thread model: posix
gcc version 8.4.0 (GCC) 
COMPILER_PATH=/usr/local/libexec/gcc/x86_64-pc-linux-gnu/8.4.0/:/usr/local/libexec/gcc/x86_64-pc-linux-gnu/8.4.0/:/usr/local/libexec/gcc/x86_64-pc-linux-gnu/:/usr/local/lib/gcc/x86_64-pc-linux-gnu/8.4.0/:/usr/local/lib/gcc/x86_64-pc-linux-gnu/
LIBRARY_PATH=/usr/local/lib/gcc/x86_64-pc-linux-gnu/8.4.0/:/usr/local/lib/gcc/x86_64-pc-linux-gnu/8.4.0/../../../../lib64/:/lib/x86_64-linux-gnu/:/lib/../lib64/:/usr/lib/x86_64-linux-gnu/:/usr/local/lib/gcc/x86_64-pc-linux-gnu/8.4.0/../../../:/lib/:/usr/lib/
COLLECT_GCC_OPTIONS='-v' '-o' 'cmTC_fba3c' '-mtune=generic' '-march=x86-64'
 /usr/local/libexec/gcc/x86_64-pc-linux-gnu/8.4.0/collect2 -plugin /usr/local/libexec/gcc/x86_64-pc-linux-gnu/8.4.0/liblto_plugin.so -plugin-opt=/usr/local/libexec/gcc/x86_64-pc-linux-gnu/8.4.0/lto-wrapper -plugin-opt=-fresolution=/tmp/ccLlJ81Q.res -plugin-opt=-pass-through=-lgcc -plugin-opt=-pass-through=-lgcc_s -plugin-opt=-pass-through=-lc -plugin-opt=-pass-through=-lgcc -plugin-opt=-pass-through=-lgcc_s --eh-frame-hdr -m elf_x86_64 -dynamic-linker /lib64/ld-linux-x86-64.so.2 -o cmTC_fba3c /usr/lib/x86_64-linux-gnu/crt1.o /usr/lib/x86_64-linux-gnu/crti.o /usr/local/lib/gcc/x86_64-pc-linux-gnu/8.4.0/crtbegin.o -L/usr/local/lib/gcc/x86_64-pc-linux-gnu/8.4.0 -L/usr/local/lib/gcc/x86_64-pc-linux-gnu/8.4.0/../../../../lib64 -L/lib/x86_64-linux-gnu -L/lib/../lib64 -L/usr/lib/x86_64-linux-gnu -L/usr/local/lib/gcc/x86_64-pc-linux-gnu/8.4.0/../../.. CMakeFiles/cmTC_fba3c.dir/CMakeCCompilerABI.c.o -lgcc --as-needed -lgcc_s --no-as-needed -lc -lgcc --as-needed -lgcc_s --no-as-needed /usr/local/lib/gcc/x86_64-pc-linux-gnu/8.4.0/crtend.o /usr/lib/x86_64-linux-gnu/crtn.o
COLLECT_GCC_OPTIONS='-v' '-o' 'cmTC_fba3c' '-mtune=generic' '-march=x86-64'
make[1]: Leaving directory '/tugraph-db/build/CMakeFiles/CMakeScratch/TryCompile-q28dDJ'



Parsed C implicit include dir info from above output: rv=done
  found start of include info
  found start of implicit include info
    add: [/usr/local/lib/gcc/x86_64-pc-linux-gnu/8.4.0/include]
    add: [/usr/local/include]
    add: [/usr/local/lib/gcc/x86_64-pc-linux-gnu/8.4.0/include-fixed]
    add: [/usr/include/x86_64-linux-gnu]
    add: [/usr/include]
  end of search list found
  collapse include dir [/usr/local/lib/gcc/x86_64-pc-linux-gnu/8.4.0/include] ==> [/usr/local/lib/gcc/x86_64-pc-linux-gnu/8.4.0/include]
  collapse include dir [/usr/local/include] ==> [/usr/local/include]
  collapse include dir [/usr/local/lib/gcc/x86_64-pc-linux-gnu/8.4.0/include-fixed] ==> [/usr/local/lib/gcc/x86_64-pc-linux-gnu/8.4.0/include-fixed]
  collapse include dir [/usr/include/x86_64-linux-gnu] ==> [/usr/include/x86_64-linux-gnu]
  collapse include dir [/usr/include] ==> [/usr/include]
  implicit include dirs: [/usr/local/lib/gcc/x86_64-pc-linux-gnu/8.4.0/include;/usr/local/include;/usr/local/lib/gcc/x86_64-pc-linux-gnu/8.4.0/include-fixed;/usr/include/x86_64-linux-gnu;/usr/include]


Parsed C implicit link information from above output:
  link line regex: [^( *|.*[/\])(ld|CMAKE_LINK_STARTFILE-NOTFOUND|([^/\]+-)?ld|collect2)[^/\]*( |$)]
  ignore line: [Change Dir: /tugraph-db/build/CMakeFiles/CMakeScratch/TryCompile-q28dDJ]
  ignore line: []
  ignore line: [Run Build Command(s):/usr/bin/make -f Makefile cmTC_fba3c/fast && /usr/bin/make  -f CMakeFiles/cmTC_fba3c.dir/build.make CMakeFiles/cmTC_fba3c.dir/build]
  ignore line: [make[1]: Entering directory '/tugraph-db/build/CMakeFiles/CMakeScratch/TryCompile-q28dDJ']
  ignore line: [Building C object CMakeFiles/cmTC_fba3c.dir/CMakeCCompilerABI.c.o]
  ignore line: [/usr/local/bin/cc   -v -o CMakeFiles/cmTC_fba3c.dir/CMakeCCompilerABI.c.o -c /usr/local/share/cmake-3.25/Modules/CMakeCCompilerABI.c]
  ignore line: [Using built-in specs.]
  ignore line: [COLLECT_GCC=/usr/local/bin/cc]
  ignore line: [Target: x86_64-pc-linux-gnu]
  ignore line: [Configured with: ../configure CFLAGS=-fPIC CXXFLAGS=-fPIC -enable-checking=release -enable-languages=c c++ -disable-multilib]
  ignore line: [Thread model: posix]
  ignore line: [gcc version 8.4.0 (GCC) ]
  ignore line: [COLLECT_GCC_OPTIONS='-v' '-o' 'CMakeFiles/cmTC_fba3c.dir/CMakeCCompilerABI.c.o' '-c' '-mtune=generic' '-march=x86-64']
  ignore line: [ /usr/local/libexec/gcc/x86_64-pc-linux-gnu/8.4.0/cc1 -quiet -v -imultiarch x86_64-linux-gnu /usr/local/share/cmake-3.25/Modules/CMakeCCompilerABI.c -quiet -dumpbase CMakeCCompilerABI.c -mtune=generic -march=x86-64 -auxbase-strip CMakeFiles/cmTC_fba3c.dir/CMakeCCompilerABI.c.o -version -o /tmp/cc9hbiXL.s]
  ignore line: [GNU C17 (GCC) version 8.4.0 (x86_64-pc-linux-gnu)]
  ignore line: [	compiled by GNU C version 8.4.0  GMP version 6.1.0  MPFR version 3.1.4  MPC version 1.0.3  isl version isl-0.18-GMP]
  ignore line: []
  ignore line: [GGC heuristics: --param ggc-min-expand=100 --param ggc-min-heapsize=131072]
  ignore line: [ignoring nonexistent directory "/usr/local/include/x86_64-linux-gnu"]
  ignore line: [ignoring nonexistent directory "/usr/local/lib/gcc/x86_64-pc-linux-gnu/8.4.0/../../../../x86_64-pc-linux-gnu/include"]
  ignore line: [#include "..." search starts here:]
  ignore line: [#include <...> search starts here:]
  ignore line: [ /usr/local/lib/gcc/x86_64-pc-linux-gnu/8.4.0/include]
  ignore line: [ /usr/local/include]
  ignore line: [ /usr/local/lib/gcc/x86_64-pc-linux-gnu/8.4.0/include-fixed]
  ignore line: [ /usr/include/x86_64-linux-gnu]
  ignore line: [ /usr/include]
  ignore line: [End of search list.]
  ignore line: [GNU C17 (GCC) version 8.4.0 (x86_64-pc-linux-gnu)]
  ignore line: [	compiled by GNU C version 8.4.0  GMP version 6.1.0  MPFR version 3.1.4  MPC version 1.0.3  isl version isl-0.18-GMP]
  ignore line: []
  ignore line: [GGC heuristics: --param ggc-min-expand=100 --param ggc-min-heapsize=131072]
  ignore line: [Compiler executable checksum: 442229d550ab85eac22d842707830b02]
  ignore line: [COLLECT_GCC_OPTIONS='-v' '-o' 'CMakeFiles/cmTC_fba3c.dir/CMakeCCompilerABI.c.o' '-c' '-mtune=generic' '-march=x86-64']
  ignore line: [ as -v --64 -o CMakeFiles/cmTC_fba3c.dir/CMakeCCompilerABI.c.o /tmp/cc9hbiXL.s]
  ignore line: [GNU assembler version 2.30 (x86_64-linux-gnu) using BFD version (GNU Binutils for Ubuntu) 2.30]
  ignore line: [COMPILER_PATH=/usr/local/libexec/gcc/x86_64-pc-linux-gnu/8.4.0/:/usr/local/libexec/gcc/x86_64-pc-linux-gnu/8.4.0/:/usr/local/libexec/gcc/x86_64-pc-linux-gnu/:/usr/local/lib/gcc/x86_64-pc-linux-gnu/8.4.0/:/usr/local/lib/gcc/x86_64-pc-linux-gnu/]
  ignore line: [LIBRARY_PATH=/usr/local/lib/gcc/x86_64-pc-linux-gnu/8.4.0/:/usr/local/lib/gcc/x86_64-pc-linux-gnu/8.4.0/../../../../lib64/:/lib/x86_64-linux-gnu/:/lib/../lib64/:/usr/lib/x86_64-linux-gnu/:/usr/local/lib/gcc/x86_64-pc-linux-gnu/8.4.0/../../../:/lib/:/usr/lib/]
  ignore line: [COLLECT_GCC_OPTIONS='-v' '-o' 'CMakeFiles/cmTC_fba3c.dir/CMakeCCompilerABI.c.o' '-c' '-mtune=generic' '-march=x86-64']
  ignore line: [Linking C executable cmTC_fba3c]
  ignore line: [/usr/local/bin/cmake -E cmake_link_script CMakeFiles/cmTC_fba3c.dir/link.txt --verbose=1]
  ignore line: [/usr/local/bin/cc  -v CMakeFiles/cmTC_fba3c.dir/CMakeCCompilerABI.c.o -o cmTC_fba3c ]
  ignore line: [Using built-in specs.]
  ignore line: [COLLECT_GCC=/usr/local/bin/cc]
  ignore line: [COLLECT_LTO_WRAPPER=/usr/local/libexec/gcc/x86_64-pc-linux-gnu/8.4.0/lto-wrapper]
  ignore line: [Target: x86_64-pc-linux-gnu]
  ignore line: [Configured with: ../configure CFLAGS=-fPIC CXXFLAGS=-fPIC -enable-checking=release -enable-languages=c c++ -disable-multilib]
  ignore line: [Thread model: posix]
  ignore line: [gcc version 8.4.0 (GCC) ]
  ignore line: [COMPILER_PATH=/usr/local/libexec/gcc/x86_64-pc-linux-gnu/8.4.0/:/usr/local/libexec/gcc/x86_64-pc-linux-gnu/8.4.0/:/usr/local/libexec/gcc/x86_64-pc-linux-gnu/:/usr/local/lib/gcc/x86_64-pc-linux-gnu/8.4.0/:/usr/local/lib/gcc/x86_64-pc-linux-gnu/]
  ignore line: [LIBRARY_PATH=/usr/local/lib/gcc/x86_64-pc-linux-gnu/8.4.0/:/usr/local/lib/gcc/x86_64-pc-linux-gnu/8.4.0/../../../../lib64/:/lib/x86_64-linux-gnu/:/lib/../lib64/:/usr/lib/x86_64-linux-gnu/:/usr/local/lib/gcc/x86_64-pc-linux-gnu/8.4.0/../../../:/lib/:/usr/lib/]
  ignore line: [COLLECT_GCC_OPTIONS='-v' '-o' 'cmTC_fba3c' '-mtune=generic' '-march=x86-64']
  link line: [ /usr/local/libexec/gcc/x86_64-pc-linux-gnu/8.4.0/collect2 -plugin /usr/local/libexec/gcc/x86_64-pc-linux-gnu/8.4.0/liblto_plugin.so -plugin-opt=/usr/local/libexec/gcc/x86_64-pc-linux-gnu/8.4.0/lto-wrapper -plugin-opt=-fresolution=/tmp/ccLlJ81Q.res -plugin-opt=-pass-through=-lgcc -plugin-opt=-pass-through=-lgcc_s -plugin-opt=-pass-through=-lc -plugin-opt=-pass-through=-lgcc -plugin-opt=-pass-through=-lgcc_s --eh-frame-hdr -m elf_x86_64 -dynamic-linker /lib64/ld-linux-x86-64.so.2 -o cmTC_fba3c /usr/lib/x86_64-linux-gnu/crt1.o /usr/lib/x86_64-linux-gnu/crti.o /usr/local/lib/gcc/x86_64-pc-linux-gnu/8.4.0/crtbegin.o -L/usr/local/lib/gcc/x86_64-pc-linux-gnu/8.4.0 -L/usr/local/lib/gcc/x86_64-pc-linux-gnu/8.4.0/../../../../lib64 -L/lib/x86_64-linux-gnu -L/lib/../lib64 -L/usr/lib/x86_64-linux-gnu -L/usr/local/lib/gcc/x86_64-pc-linux-gnu/8.4.0/../../.. CMakeFiles/cmTC_fba3c.dir/CMakeCCompilerABI.c.o -lgcc --as-needed -lgcc_s --no-as-needed -lc -lgcc --as-needed -lgcc_s --no-as-needed /usr/local/lib/gcc/x86_64-pc-linux-gnu/8.4.0/crtend.o /usr/lib/x86_64-linux-gnu/crtn.o]
    arg [/usr/local/libexec/gcc/x86_64-pc-linux-gnu/8.4.0/collect2] ==> ignore
    arg [-plugin] ==> ignore
    arg [/usr/local/libexec/gcc/x86_64-pc-linux-gnu/8.4.0/liblto_plugin.so] ==> ignore
    arg [-plugin-opt=/usr/local/libexec/gcc/x86_64-pc-linux-gnu/8.4.0/lto-wrapper] ==> ignore
    arg [-plugin-opt=-fresolution=/tmp/ccLlJ81Q.res] ==> ignore
    arg [-plugin-opt=-pass-through=-lgcc] ==> ignore
    arg [-plugin-opt=-pass-through=-lgcc_s] ==> ignore
    arg [-plugin-opt=-pass-through=-lc] ==> ignore
    arg [-plugin-opt=-pass-through=-lgcc] ==> ignore
    arg [-plugin-opt=-pass-through=-lgcc_s] ==> ignore
    arg [--eh-frame-hdr] ==> ignore
    arg [-m] ==> ignore
    arg [elf_x86_64] ==> ignore
    arg [-dynamic-linker] ==> ignore
    arg [/lib64/ld-linux-x86-64.so.2] ==> ignore
    arg [-o] ==> ignore
    arg [cmTC_fba3c] ==> ignore
    arg [/usr/lib/x86_64-linux-gnu/crt1.o] ==> obj [/usr/lib/x86_64-linux-gnu/crt1.o]
    arg [/usr/lib/x86_64-linux-gnu/crti.o] ==> obj [/usr/lib/x86_64-linux-gnu/crti.o]
    arg [/usr/local/lib/gcc/x86_64-pc-linux-gnu/8.4.0/crtbegin.o] ==> obj [/usr/local/lib/gcc/x86_64-pc-linux-gnu/8.4.0/crtbegin.o]
    arg [-L/usr/local/lib/gcc/x86_64-pc-linux-gnu/8.4.0] ==> dir [/usr/local/lib/gcc/x86_64-pc-linux-gnu/8.4.0]
    arg [-L/usr/local/lib/gcc/x86_64-pc-linux-gnu/8.4.0/../../../../lib64] ==> dir [/usr/local/lib/gcc/x86_64-pc-linux-gnu/8.4.0/../../../../lib64]
    arg [-L/lib/x86_64-linux-gnu] ==> dir [/lib/x86_64-linux-gnu]
    arg [-L/lib/../lib64] ==> dir [/lib/../lib64]
    arg [-L/usr/lib/x86_64-linux-gnu] ==> dir [/usr/lib/x86_64-linux-gnu]
    arg [-L/usr/local/lib/gcc/x86_64-pc-linux-gnu/8.4.0/../../..] ==> dir [/usr/local/lib/gcc/x86_64-pc-linux-gnu/8.4.0/../../..]
    arg [CMakeFiles/cmTC_fba3c.dir/CMakeCCompilerABI.c.o] ==> ignore
    arg [-lgcc] ==> lib [gcc]
    arg [--as-needed] ==> ignore
    arg [-lgcc_s] ==> lib [gcc_s]
    arg [--no-as-needed] ==> ignore
    arg [-lc] ==> lib [c]
    arg [-lgcc] ==> lib [gcc]
    arg [--as-needed] ==> ignore
    arg [-lgcc_s] ==> lib [gcc_s]
    arg [--no-as-needed] ==> ignore
    arg [/usr/local/lib/gcc/x86_64-pc-linux-gnu/8.4.0/crtend.o] ==> obj [/usr/local/lib/gcc/x86_64-pc-linux-gnu/8.4.0/crtend.o]
    arg [/usr/lib/x86_64-linux-gnu/crtn.o] ==> obj [/usr/lib/x86_64-linux-gnu/crtn.o]
  collapse library dir [/usr/local/lib/gcc/x86_64-pc-linux-gnu/8.4.0] ==> [/usr/local/lib/gcc/x86_64-pc-linux-gnu/8.4.0]
  collapse library dir [/usr/local/lib/gcc/x86_64-pc-linux-gnu/8.4.0/../../../../lib64] ==> [/usr/local/lib64]
  collapse library dir [/lib/x86_64-linux-gnu] ==> [/lib/x86_64-linux-gnu]
  collapse library dir [/lib/../lib64] ==> [/lib64]
  collapse library dir [/usr/lib/x86_64-linux-gnu] ==> [/usr/lib/x86_64-linux-gnu]
  collapse library dir [/usr/local/lib/gcc/x86_64-pc-linux-gnu/8.4.0/../../..] ==> [/usr/local/lib]
  implicit libs: [gcc;gcc_s;c;gcc;gcc_s]
  implicit objs: [/usr/lib/x86_64-linux-gnu/crt1.o;/usr/lib/x86_64-linux-gnu/crti.o;/usr/local/lib/gcc/x86_64-pc-linux-gnu/8.4.0/crtbegin.o;/usr/local/lib/gcc/x86_64-pc-linux-gnu/8.4.0/crtend.o;/usr/lib/x86_64-linux-gnu/crtn.o]
  implicit dirs: [/usr/local/lib/gcc/x86_64-pc-linux-gnu/8.4.0;/usr/local/lib64;/lib/x86_64-linux-gnu;/lib64;/usr/lib/x86_64-linux-gnu;/usr/local/lib]
  implicit fwks: []


Detecting CXX compiler ABI info compiled with the following output:
Change Dir: /tugraph-db/build/CMakeFiles/CMakeScratch/TryCompile-Q6NKlf

Run Build Command(s):/usr/bin/make -f Makefile cmTC_e508b/fast && /usr/bin/make  -f CMakeFiles/cmTC_e508b.dir/build.make CMakeFiles/cmTC_e508b.dir/build
make[1]: Entering directory '/tugraph-db/build/CMakeFiles/CMakeScratch/TryCompile-Q6NKlf'
Building CXX object CMakeFiles/cmTC_e508b.dir/CMakeCXXCompilerABI.cpp.o
/usr/local/bin/c++   -v -o CMakeFiles/cmTC_e508b.dir/CMakeCXXCompilerABI.cpp.o -c /usr/local/share/cmake-3.25/Modules/CMakeCXXCompilerABI.cpp
Using built-in specs.
COLLECT_GCC=/usr/local/bin/c++
Target: x86_64-pc-linux-gnu
Configured with: ../configure CFLAGS=-fPIC CXXFLAGS=-fPIC -enable-checking=release -enable-languages=c,c++ -disable-multilib
Thread model: posix
gcc version 8.4.0 (GCC) 
COLLECT_GCC_OPTIONS='-v' '-o' 'CMakeFiles/cmTC_e508b.dir/CMakeCXXCompilerABI.cpp.o' '-c' '-shared-libgcc' '-mtune=generic' '-march=x86-64'
 /usr/local/libexec/gcc/x86_64-pc-linux-gnu/8.4.0/cc1plus -quiet -v -imultiarch x86_64-linux-gnu -D_GNU_SOURCE /usr/local/share/cmake-3.25/Modules/CMakeCXXCompilerABI.cpp -quiet -dumpbase CMakeCXXCompilerABI.cpp -mtune=generic -march=x86-64 -auxbase-strip CMakeFiles/cmTC_e508b.dir/CMakeCXXCompilerABI.cpp.o -version -o /tmp/ccjFd2GY.s
GNU C++14 (GCC) version 8.4.0 (x86_64-pc-linux-gnu)
	compiled by GNU C version 8.4.0, GMP version 6.1.0, MPFR version 3.1.4, MPC version 1.0.3, isl version isl-0.18-GMP

GGC heuristics: --param ggc-min-expand=100 --param ggc-min-heapsize=131072
ignoring nonexistent directory "/usr/local/include/x86_64-linux-gnu"
ignoring nonexistent directory "/usr/local/lib/gcc/x86_64-pc-linux-gnu/8.4.0/../../../../x86_64-pc-linux-gnu/include"
#include "..." search starts here:
#include <...> search starts here:
 /usr/local/lib/gcc/x86_64-pc-linux-gnu/8.4.0/../../../../include/c++/8.4.0
 /usr/local/lib/gcc/x86_64-pc-linux-gnu/8.4.0/../../../../include/c++/8.4.0/x86_64-pc-linux-gnu
 /usr/local/lib/gcc/x86_64-pc-linux-gnu/8.4.0/../../../../include/c++/8.4.0/backward
 /usr/local/lib/gcc/x86_64-pc-linux-gnu/8.4.0/include
 /usr/local/include
 /usr/local/lib/gcc/x86_64-pc-linux-gnu/8.4.0/include-fixed
 /usr/include/x86_64-linux-gnu
 /usr/include
End of search list.
GNU C++14 (GCC) version 8.4.0 (x86_64-pc-linux-gnu)
	compiled by GNU C version 8.4.0, GMP version 6.1.0, MPFR version 3.1.4, MPC version 1.0.3, isl version isl-0.18-GMP

GGC heuristics: --param ggc-min-expand=100 --param ggc-min-heapsize=131072
Compiler executable checksum: 30f90a069a282deb575e06e77fd1080d
COLLECT_GCC_OPTIONS='-v' '-o' 'CMakeFiles/cmTC_e508b.dir/CMakeCXXCompilerABI.cpp.o' '-c' '-shared-libgcc' '-mtune=generic' '-march=x86-64'
 as -v --64 -o CMakeFiles/cmTC_e508b.dir/CMakeCXXCompilerABI.cpp.o /tmp/ccjFd2GY.s
GNU assembler version 2.30 (x86_64-linux-gnu) using BFD version (GNU Binutils for Ubuntu) 2.30
COMPILER_PATH=/usr/local/libexec/gcc/x86_64-pc-linux-gnu/8.4.0/:/usr/local/libexec/gcc/x86_64-pc-linux-gnu/8.4.0/:/usr/local/libexec/gcc/x86_64-pc-linux-gnu/:/usr/local/lib/gcc/x86_64-pc-linux-gnu/8.4.0/:/usr/local/lib/gcc/x86_64-pc-linux-gnu/
LIBRARY_PATH=/usr/local/lib/gcc/x86_64-pc-linux-gnu/8.4.0/:/usr/local/lib/gcc/x86_64-pc-linux-gnu/8.4.0/../../../../lib64/:/lib/x86_64-linux-gnu/:/lib/../lib64/:/usr/lib/x86_64-linux-gnu/:/usr/local/lib/gcc/x86_64-pc-linux-gnu/8.4.0/../../../:/lib/:/usr/lib/
COLLECT_GCC_OPTIONS='-v' '-o' 'CMakeFiles/cmTC_e508b.dir/CMakeCXXCompilerABI.cpp.o' '-c' '-shared-libgcc' '-mtune=generic' '-march=x86-64'
Linking CXX executable cmTC_e508b
/usr/local/bin/cmake -E cmake_link_script CMakeFiles/cmTC_e508b.dir/link.txt --verbose=1
/usr/local/bin/c++  -v CMakeFiles/cmTC_e508b.dir/CMakeCXXCompilerABI.cpp.o -o cmTC_e508b 
Using built-in specs.
COLLECT_GCC=/usr/local/bin/c++
COLLECT_LTO_WRAPPER=/usr/local/libexec/gcc/x86_64-pc-linux-gnu/8.4.0/lto-wrapper
Target: x86_64-pc-linux-gnu
Configured with: ../configure CFLAGS=-fPIC CXXFLAGS=-fPIC -enable-checking=release -enable-languages=c,c++ -disable-multilib
Thread model: posix
gcc version 8.4.0 (GCC) 
COMPILER_PATH=/usr/local/libexec/gcc/x86_64-pc-linux-gnu/8.4.0/:/usr/local/libexec/gcc/x86_64-pc-linux-gnu/8.4.0/:/usr/local/libexec/gcc/x86_64-pc-linux-gnu/:/usr/local/lib/gcc/x86_64-pc-linux-gnu/8.4.0/:/usr/local/lib/gcc/x86_64-pc-linux-gnu/
LIBRARY_PATH=/usr/local/lib/gcc/x86_64-pc-linux-gnu/8.4.0/:/usr/local/lib/gcc/x86_64-pc-linux-gnu/8.4.0/../../../../lib64/:/lib/x86_64-linux-gnu/:/lib/../lib64/:/usr/lib/x86_64-linux-gnu/:/usr/local/lib/gcc/x86_64-pc-linux-gnu/8.4.0/../../../:/lib/:/usr/lib/
COLLECT_GCC_OPTIONS='-v' '-o' 'cmTC_e508b' '-shared-libgcc' '-mtune=generic' '-march=x86-64'
 /usr/local/libexec/gcc/x86_64-pc-linux-gnu/8.4.0/collect2 -plugin /usr/local/libexec/gcc/x86_64-pc-linux-gnu/8.4.0/liblto_plugin.so -plugin-opt=/usr/local/libexec/gcc/x86_64-pc-linux-gnu/8.4.0/lto-wrapper -plugin-opt=-fresolution=/tmp/ccR6uOdZ.res -plugin-opt=-pass-through=-lgcc_s -plugin-opt=-pass-through=-lgcc -plugin-opt=-pass-through=-lc -plugin-opt=-pass-through=-lgcc_s -plugin-opt=-pass-through=-lgcc --eh-frame-hdr -m elf_x86_64 -dynamic-linker /lib64/ld-linux-x86-64.so.2 -o cmTC_e508b /usr/lib/x86_64-linux-gnu/crt1.o /usr/lib/x86_64-linux-gnu/crti.o /usr/local/lib/gcc/x86_64-pc-linux-gnu/8.4.0/crtbegin.o -L/usr/local/lib/gcc/x86_64-pc-linux-gnu/8.4.0 -L/usr/local/lib/gcc/x86_64-pc-linux-gnu/8.4.0/../../../../lib64 -L/lib/x86_64-linux-gnu -L/lib/../lib64 -L/usr/lib/x86_64-linux-gnu -L/usr/local/lib/gcc/x86_64-pc-linux-gnu/8.4.0/../../.. CMakeFiles/cmTC_e508b.dir/CMakeCXXCompilerABI.cpp.o -lstdc++ -lm -lgcc_s -lgcc -lc -lgcc_s -lgcc /usr/local/lib/gcc/x86_64-pc-linux-gnu/8.4.0/crtend.o /usr/lib/x86_64-linux-gnu/crtn.o
COLLECT_GCC_OPTIONS='-v' '-o' 'cmTC_e508b' '-shared-libgcc' '-mtune=generic' '-march=x86-64'
make[1]: Leaving directory '/tugraph-db/build/CMakeFiles/CMakeScratch/TryCompile-Q6NKlf'



Parsed CXX implicit include dir info from above output: rv=done
  found start of include info
  found start of implicit include info
    add: [/usr/local/lib/gcc/x86_64-pc-linux-gnu/8.4.0/../../../../include/c++/8.4.0]
    add: [/usr/local/lib/gcc/x86_64-pc-linux-gnu/8.4.0/../../../../include/c++/8.4.0/x86_64-pc-linux-gnu]
    add: [/usr/local/lib/gcc/x86_64-pc-linux-gnu/8.4.0/../../../../include/c++/8.4.0/backward]
    add: [/usr/local/lib/gcc/x86_64-pc-linux-gnu/8.4.0/include]
    add: [/usr/local/include]
    add: [/usr/local/lib/gcc/x86_64-pc-linux-gnu/8.4.0/include-fixed]
    add: [/usr/include/x86_64-linux-gnu]
    add: [/usr/include]
  end of search list found
  collapse include dir [/usr/local/lib/gcc/x86_64-pc-linux-gnu/8.4.0/../../../../include/c++/8.4.0] ==> [/usr/local/include/c++/8.4.0]
  collapse include dir [/usr/local/lib/gcc/x86_64-pc-linux-gnu/8.4.0/../../../../include/c++/8.4.0/x86_64-pc-linux-gnu] ==> [/usr/local/include/c++/8.4.0/x86_64-pc-linux-gnu]
  collapse include dir [/usr/local/lib/gcc/x86_64-pc-linux-gnu/8.4.0/../../../../include/c++/8.4.0/backward] ==> [/usr/local/include/c++/8.4.0/backward]
  collapse include dir [/usr/local/lib/gcc/x86_64-pc-linux-gnu/8.4.0/include] ==> [/usr/local/lib/gcc/x86_64-pc-linux-gnu/8.4.0/include]
  collapse include dir [/usr/local/include] ==> [/usr/local/include]
  collapse include dir [/usr/local/lib/gcc/x86_64-pc-linux-gnu/8.4.0/include-fixed] ==> [/usr/local/lib/gcc/x86_64-pc-linux-gnu/8.4.0/include-fixed]
  collapse include dir [/usr/include/x86_64-linux-gnu] ==> [/usr/include/x86_64-linux-gnu]
  collapse include dir [/usr/include] ==> [/usr/include]
  implicit include dirs: [/usr/local/include/c++/8.4.0;/usr/local/include/c++/8.4.0/x86_64-pc-linux-gnu;/usr/local/include/c++/8.4.0/backward;/usr/local/lib/gcc/x86_64-pc-linux-gnu/8.4.0/include;/usr/local/include;/usr/local/lib/gcc/x86_64-pc-linux-gnu/8.4.0/include-fixed;/usr/include/x86_64-linux-gnu;/usr/include]


Parsed CXX implicit link information from above output:
  link line regex: [^( *|.*[/\])(ld|CMAKE_LINK_STARTFILE-NOTFOUND|([^/\]+-)?ld|collect2)[^/\]*( |$)]
  ignore line: [Change Dir: /tugraph-db/build/CMakeFiles/CMakeScratch/TryCompile-Q6NKlf]
  ignore line: []
  ignore line: [Run Build Command(s):/usr/bin/make -f Makefile cmTC_e508b/fast && /usr/bin/make  -f CMakeFiles/cmTC_e508b.dir/build.make CMakeFiles/cmTC_e508b.dir/build]
  ignore line: [make[1]: Entering directory '/tugraph-db/build/CMakeFiles/CMakeScratch/TryCompile-Q6NKlf']
  ignore line: [Building CXX object CMakeFiles/cmTC_e508b.dir/CMakeCXXCompilerABI.cpp.o]
  ignore line: [/usr/local/bin/c++   -v -o CMakeFiles/cmTC_e508b.dir/CMakeCXXCompilerABI.cpp.o -c /usr/local/share/cmake-3.25/Modules/CMakeCXXCompilerABI.cpp]
  ignore line: [Using built-in specs.]
  ignore line: [COLLECT_GCC=/usr/local/bin/c++]
  ignore line: [Target: x86_64-pc-linux-gnu]
  ignore line: [Configured with: ../configure CFLAGS=-fPIC CXXFLAGS=-fPIC -enable-checking=release -enable-languages=c c++ -disable-multilib]
  ignore line: [Thread model: posix]
  ignore line: [gcc version 8.4.0 (GCC) ]
  ignore line: [COLLECT_GCC_OPTIONS='-v' '-o' 'CMakeFiles/cmTC_e508b.dir/CMakeCXXCompilerABI.cpp.o' '-c' '-shared-libgcc' '-mtune=generic' '-march=x86-64']
  ignore line: [ /usr/local/libexec/gcc/x86_64-pc-linux-gnu/8.4.0/cc1plus -quiet -v -imultiarch x86_64-linux-gnu -D_GNU_SOURCE /usr/local/share/cmake-3.25/Modules/CMakeCXXCompilerABI.cpp -quiet -dumpbase CMakeCXXCompilerABI.cpp -mtune=generic -march=x86-64 -auxbase-strip CMakeFiles/cmTC_e508b.dir/CMakeCXXCompilerABI.cpp.o -version -o /tmp/ccjFd2GY.s]
  ignore line: [GNU C++14 (GCC) version 8.4.0 (x86_64-pc-linux-gnu)]
  ignore line: [	compiled by GNU C version 8.4.0  GMP version 6.1.0  MPFR version 3.1.4  MPC version 1.0.3  isl version isl-0.18-GMP]
  ignore line: []
  ignore line: [GGC heuristics: --param ggc-min-expand=100 --param ggc-min-heapsize=131072]
  ignore line: [ignoring nonexistent directory "/usr/local/include/x86_64-linux-gnu"]
  ignore line: [ignoring nonexistent directory "/usr/local/lib/gcc/x86_64-pc-linux-gnu/8.4.0/../../../../x86_64-pc-linux-gnu/include"]
  ignore line: [#include "..." search starts here:]
  ignore line: [#include <...> search starts here:]
  ignore line: [ /usr/local/lib/gcc/x86_64-pc-linux-gnu/8.4.0/../../../../include/c++/8.4.0]
  ignore line: [ /usr/local/lib/gcc/x86_64-pc-linux-gnu/8.4.0/../../../../include/c++/8.4.0/x86_64-pc-linux-gnu]
  ignore line: [ /usr/local/lib/gcc/x86_64-pc-linux-gnu/8.4.0/../../../../include/c++/8.4.0/backward]
  ignore line: [ /usr/local/lib/gcc/x86_64-pc-linux-gnu/8.4.0/include]
  ignore line: [ /usr/local/include]
  ignore line: [ /usr/local/lib/gcc/x86_64-pc-linux-gnu/8.4.0/include-fixed]
  ignore line: [ /usr/include/x86_64-linux-gnu]
  ignore line: [ /usr/include]
  ignore line: [End of search list.]
  ignore line: [GNU C++14 (GCC) version 8.4.0 (x86_64-pc-linux-gnu)]
  ignore line: [	compiled by GNU C version 8.4.0  GMP version 6.1.0  MPFR version 3.1.4  MPC version 1.0.3  isl version isl-0.18-GMP]
  ignore line: []
  ignore line: [GGC heuristics: --param ggc-min-expand=100 --param ggc-min-heapsize=131072]
  ignore line: [Compiler executable checksum: 30f90a069a282deb575e06e77fd1080d]
  ignore line: [COLLECT_GCC_OPTIONS='-v' '-o' 'CMakeFiles/cmTC_e508b.dir/CMakeCXXCompilerABI.cpp.o' '-c' '-shared-libgcc' '-mtune=generic' '-march=x86-64']
  ignore line: [ as -v --64 -o CMakeFiles/cmTC_e508b.dir/CMakeCXXCompilerABI.cpp.o /tmp/ccjFd2GY.s]
  ignore line: [GNU assembler version 2.30 (x86_64-linux-gnu) using BFD version (GNU Binutils for Ubuntu) 2.30]
  ignore line: [COMPILER_PATH=/usr/local/libexec/gcc/x86_64-pc-linux-gnu/8.4.0/:/usr/local/libexec/gcc/x86_64-pc-linux-gnu/8.4.0/:/usr/local/libexec/gcc/x86_64-pc-linux-gnu/:/usr/local/lib/gcc/x86_64-pc-linux-gnu/8.4.0/:/usr/local/lib/gcc/x86_64-pc-linux-gnu/]
  ignore line: [LIBRARY_PATH=/usr/local/lib/gcc/x86_64-pc-linux-gnu/8.4.0/:/usr/local/lib/gcc/x86_64-pc-linux-gnu/8.4.0/../../../../lib64/:/lib/x86_64-linux-gnu/:/lib/../lib64/:/usr/lib/x86_64-linux-gnu/:/usr/local/lib/gcc/x86_64-pc-linux-gnu/8.4.0/../../../:/lib/:/usr/lib/]
  ignore line: [COLLECT_GCC_OPTIONS='-v' '-o' 'CMakeFiles/cmTC_e508b.dir/CMakeCXXCompilerABI.cpp.o' '-c' '-shared-libgcc' '-mtune=generic' '-march=x86-64']
  ignore line: [Linking CXX executable cmTC_e508b]
  ignore line: [/usr/local/bin/cmake -E cmake_link_script CMakeFiles/cmTC_e508b.dir/link.txt --verbose=1]
  ignore line: [/usr/local/bin/c++  -v CMakeFiles/cmTC_e508b.dir/CMakeCXXCompilerABI.cpp.o -o cmTC_e508b ]
  ignore line: [Using built-in specs.]
  ignore line: [COLLECT_GCC=/usr/local/bin/c++]
  ignore line: [COLLECT_LTO_WRAPPER=/usr/local/libexec/gcc/x86_64-pc-linux-gnu/8.4.0/lto-wrapper]
  ignore line: [Target: x86_64-pc-linux-gnu]
  ignore line: [Configured with: ../configure CFLAGS=-fPIC CXXFLAGS=-fPIC -enable-checking=release -enable-languages=c c++ -disable-multilib]
  ignore line: [Thread model: posix]
  ignore line: [gcc version 8.4.0 (GCC) ]
  ignore line: [COMPILER_PATH=/usr/local/libexec/gcc/x86_64-pc-linux-gnu/8.4.0/:/usr/local/libexec/gcc/x86_64-pc-linux-gnu/8.4.0/:/usr/local/libexec/gcc/x86_64-pc-linux-gnu/:/usr/local/lib/gcc/x86_64-pc-linux-gnu/8.4.0/:/usr/local/lib/gcc/x86_64-pc-linux-gnu/]
  ignore line: [LIBRARY_PATH=/usr/local/lib/gcc/x86_64-pc-linux-gnu/8.4.0/:/usr/local/lib/gcc/x86_64-pc-linux-gnu/8.4.0/../../../../lib64/:/lib/x86_64-linux-gnu/:/lib/../lib64/:/usr/lib/x86_64-linux-gnu/:/usr/local/lib/gcc/x86_64-pc-linux-gnu/8.4.0/../../../:/lib/:/usr/lib/]
  ignore line: [COLLECT_GCC_OPTIONS='-v' '-o' 'cmTC_e508b' '-shared-libgcc' '-mtune=generic' '-march=x86-64']
  link line: [ /usr/local/libexec/gcc/x86_64-pc-linux-gnu/8.4.0/collect2 -plugin /usr/local/libexec/gcc/x86_64-pc-linux-gnu/8.4.0/liblto_plugin.so -plugin-opt=/usr/local/libexec/gcc/x86_64-pc-linux-gnu/8.4.0/lto-wrapper -plugin-opt=-fresolution=/tmp/ccR6uOdZ.res -plugin-opt=-pass-through=-lgcc_s -plugin-opt=-pass-through=-lgcc -plugin-opt=-pass-through=-lc -plugin-opt=-pass-through=-lgcc_s -plugin-opt=-pass-through=-lgcc --eh-frame-hdr -m elf_x86_64 -dynamic-linker /lib64/ld-linux-x86-64.so.2 -o cmTC_e508b /usr/lib/x86_64-linux-gnu/crt1.o /usr/lib/x86_64-linux-gnu/crti.o /usr/local/lib/gcc/x86_64-pc-linux-gnu/8.4.0/crtbegin.o -L/usr/local/lib/gcc/x86_64-pc-linux-gnu/8.4.0 -L/usr/local/lib/gcc/x86_64-pc-linux-gnu/8.4.0/../../../../lib64 -L/lib/x86_64-linux-gnu -L/lib/../lib64 -L/usr/lib/x86_64-linux-gnu -L/usr/local/lib/gcc/x86_64-pc-linux-gnu/8.4.0/../../.. CMakeFiles/cmTC_e508b.dir/CMakeCXXCompilerABI.cpp.o -lstdc++ -lm -lgcc_s -lgcc -lc -lgcc_s -lgcc /usr/local/lib/gcc/x86_64-pc-linux-gnu/8.4.0/crtend.o /usr/lib/x86_64-linux-gnu/crtn.o]
    arg [/usr/local/libexec/gcc/x86_64-pc-linux-gnu/8.4.0/collect2] ==> ignore
    arg [-plugin] ==> ignore
    arg [/usr/local/libexec/gcc/x86_64-pc-linux-gnu/8.4.0/liblto_plugin.so] ==> ignore
    arg [-plugin-opt=/usr/local/libexec/gcc/x86_64-pc-linux-gnu/8.4.0/lto-wrapper] ==> ignore
    arg [-plugin-opt=-fresolution=/tmp/ccR6uOdZ.res] ==> ignore
    arg [-plugin-opt=-pass-through=-lgcc_s] ==> ignore
    arg [-plugin-opt=-pass-through=-lgcc] ==> ignore
    arg [-plugin-opt=-pass-through=-lc] ==> ignore
    arg [-plugin-opt=-pass-through=-lgcc_s] ==> ignore
    arg [-plugin-opt=-pass-through=-lgcc] ==> ignore
    arg [--eh-frame-hdr] ==> ignore
    arg [-m] ==> ignore
    arg [elf_x86_64] ==> ignore
    arg [-dynamic-linker] ==> ignore
    arg [/lib64/ld-linux-x86-64.so.2] ==> ignore
    arg [-o] ==> ignore
    arg [cmTC_e508b] ==> ignore
    arg [/usr/lib/x86_64-linux-gnu/crt1.o] ==> obj [/usr/lib/x86_64-linux-gnu/crt1.o]
    arg [/usr/lib/x86_64-linux-gnu/crti.o] ==> obj [/usr/lib/x86_64-linux-gnu/crti.o]
    arg [/usr/local/lib/gcc/x86_64-pc-linux-gnu/8.4.0/crtbegin.o] ==> obj [/usr/local/lib/gcc/x86_64-pc-linux-gnu/8.4.0/crtbegin.o]
    arg [-L/usr/local/lib/gcc/x86_64-pc-linux-gnu/8.4.0] ==> dir [/usr/local/lib/gcc/x86_64-pc-linux-gnu/8.4.0]
    arg [-L/usr/local/lib/gcc/x86_64-pc-linux-gnu/8.4.0/../../../../lib64] ==> dir [/usr/local/lib/gcc/x86_64-pc-linux-gnu/8.4.0/../../../../lib64]
    arg [-L/lib/x86_64-linux-gnu] ==> dir [/lib/x86_64-linux-gnu]
    arg [-L/lib/../lib64] ==> dir [/lib/../lib64]
    arg [-L/usr/lib/x86_64-linux-gnu] ==> dir [/usr/lib/x86_64-linux-gnu]
    arg [-L/usr/local/lib/gcc/x86_64-pc-linux-gnu/8.4.0/../../..] ==> dir [/usr/local/lib/gcc/x86_64-pc-linux-gnu/8.4.0/../../..]
    arg [CMakeFiles/cmTC_e508b.dir/CMakeCXXCompilerABI.cpp.o] ==> ignore
    arg [-lstdc++] ==> lib [stdc++]
    arg [-lm] ==> lib [m]
    arg [-lgcc_s] ==> lib [gcc_s]
    arg [-lgcc] ==> lib [gcc]
    arg [-lc] ==> lib [c]
    arg [-lgcc_s] ==> lib [gcc_s]
    arg [-lgcc] ==> lib [gcc]
    arg [/usr/local/lib/gcc/x86_64-pc-linux-gnu/8.4.0/crtend.o] ==> obj [/usr/local/lib/gcc/x86_64-pc-linux-gnu/8.4.0/crtend.o]
    arg [/usr/lib/x86_64-linux-gnu/crtn.o] ==> obj [/usr/lib/x86_64-linux-gnu/crtn.o]
  collapse library dir [/usr/local/lib/gcc/x86_64-pc-linux-gnu/8.4.0] ==> [/usr/local/lib/gcc/x86_64-pc-linux-gnu/8.4.0]
  collapse library dir [/usr/local/lib/gcc/x86_64-pc-linux-gnu/8.4.0/../../../../lib64] ==> [/usr/local/lib64]
  collapse library dir [/lib/x86_64-linux-gnu] ==> [/lib/x86_64-linux-gnu]
  collapse library dir [/lib/../lib64] ==> [/lib64]
  collapse library dir [/usr/lib/x86_64-linux-gnu] ==> [/usr/lib/x86_64-linux-gnu]
  collapse library dir [/usr/local/lib/gcc/x86_64-pc-linux-gnu/8.4.0/../../..] ==> [/usr/local/lib]
  implicit libs: [stdc++;m;gcc_s;gcc;c;gcc_s;gcc]
  implicit objs: [/usr/lib/x86_64-linux-gnu/crt1.o;/usr/lib/x86_64-linux-gnu/crti.o;/usr/local/lib/gcc/x86_64-pc-linux-gnu/8.4.0/crtbegin.o;/usr/local/lib/gcc/x86_64-pc-linux-gnu/8.4.0/crtend.o;/usr/lib/x86_64-linux-gnu/crtn.o]
  implicit dirs: [/usr/local/lib/gcc/x86_64-pc-linux-gnu/8.4.0;/usr/local/lib64;/lib/x86_64-linux-gnu;/lib64;/usr/lib/x86_64-linux-gnu;/usr/local/lib]
  implicit fwks: []


Performing C++ SOURCE FILE Test COMPILER_SUPPORTS_CXX17 succeeded with the following output:
Change Dir: /tugraph-db/build/CMakeFiles/CMakeScratch/TryCompile-8mcKvL

Run Build Command(s):/usr/bin/make -f Makefile cmTC_adc4a/fast && /usr/bin/make  -f CMakeFiles/cmTC_adc4a.dir/build.make CMakeFiles/cmTC_adc4a.dir/build
make[1]: Entering directory '/tugraph-db/build/CMakeFiles/CMakeScratch/TryCompile-8mcKvL'
Building CXX object CMakeFiles/cmTC_adc4a.dir/src.cxx.o
/usr/local/bin/c++ -DCOMPILER_SUPPORTS_CXX17  -Wall -Werror -DLGRAPH_USE_MOCK_KV=0 -DLGRAPH_ENABLE_PYTHON_PLUGIN=1 -DLGRAPH_ENABLE_LGRAPH_LOG=1 -DOPENSSL_NO_KRB5=1 -D__STDC_FORMAT_MACROS -fopenmp    -std=c++17 -o CMakeFiles/cmTC_adc4a.dir/src.cxx.o -c /tugraph-db/build/CMakeFiles/CMakeScratch/TryCompile-8mcKvL/src.cxx
Linking CXX executable cmTC_adc4a
/usr/local/bin/cmake -E cmake_link_script CMakeFiles/cmTC_adc4a.dir/link.txt --verbose=1
/usr/local/bin/c++  -Wall -Werror -DLGRAPH_USE_MOCK_KV=0 -DLGRAPH_ENABLE_PYTHON_PLUGIN=1 -DLGRAPH_ENABLE_LGRAPH_LOG=1 -DOPENSSL_NO_KRB5=1 -D__STDC_FORMAT_MACROS -fopenmp  CMakeFiles/cmTC_adc4a.dir/src.cxx.o -o cmTC_adc4a 
make[1]: Leaving directory '/tugraph-db/build/CMakeFiles/CMakeScratch/TryCompile-8mcKvL'


Source file was:
int main() { return 0; }

Performing C++ SOURCE FILE Test COMPILER_SUPPORTS_STATIC_GCC succeeded with the following output:
Change Dir: /tugraph-db/build/CMakeFiles/CMakeScratch/TryCompile-0BJL3h

Run Build Command(s):/usr/bin/make -f Makefile cmTC_11681/fast && /usr/bin/make  -f CMakeFiles/cmTC_11681.dir/build.make CMakeFiles/cmTC_11681.dir/build
make[1]: Entering directory '/tugraph-db/build/CMakeFiles/CMakeScratch/TryCompile-0BJL3h'
Building CXX object CMakeFiles/cmTC_11681.dir/src.cxx.o
/usr/local/bin/c++ -DCOMPILER_SUPPORTS_STATIC_GCC  -Wall -Werror -DLGRAPH_USE_MOCK_KV=0 -DLGRAPH_ENABLE_PYTHON_PLUGIN=1 -DLGRAPH_ENABLE_LGRAPH_LOG=1 -DOPENSSL_NO_KRB5=1 -D__STDC_FORMAT_MACROS -fopenmp -std=c++17    -static-libstdc++ -static-libgcc -std=gnu++17 -o CMakeFiles/cmTC_11681.dir/src.cxx.o -c /tugraph-db/build/CMakeFiles/CMakeScratch/TryCompile-0BJL3h/src.cxx
Linking CXX executable cmTC_11681
/usr/local/bin/cmake -E cmake_link_script CMakeFiles/cmTC_11681.dir/link.txt --verbose=1
/usr/local/bin/c++  -Wall -Werror -DLGRAPH_USE_MOCK_KV=0 -DLGRAPH_ENABLE_PYTHON_PLUGIN=1 -DLGRAPH_ENABLE_LGRAPH_LOG=1 -DOPENSSL_NO_KRB5=1 -D__STDC_FORMAT_MACROS -fopenmp -std=c++17  CMakeFiles/cmTC_11681.dir/src.cxx.o -o cmTC_11681 
make[1]: Leaving directory '/tugraph-db/build/CMakeFiles/CMakeScratch/TryCompile-0BJL3h'


Source file was:
int main() { return 0; }

Determining if the function pthread_create exists in the pthread passed with the following output:
Change Dir: /tugraph-db/build/CMakeFiles/CMakeScratch/TryCompile-C7Ld7T

Run Build Command(s):/usr/bin/make -f Makefile cmTC_e8151/fast && /usr/bin/make  -f CMakeFiles/cmTC_e8151.dir/build.make CMakeFiles/cmTC_e8151.dir/build
make[1]: 进入目录“/tugraph-db/build/CMakeFiles/CMakeScratch/TryCompile-C7Ld7T”
Building C object CMakeFiles/cmTC_e8151.dir/CheckFunctionExists.c.o
/usr/local/bin/cc   -DCHECK_FUNCTION_EXISTS=pthread_create -o CMakeFiles/cmTC_e8151.dir/CheckFunctionExists.c.o -c /tugraph-db/build/CMakeFiles/CMakeScratch/TryCompile-C7Ld7T/CheckFunctionExists.c
Linking C executable cmTC_e8151
/usr/local/bin/cmake -E cmake_link_script CMakeFiles/cmTC_e8151.dir/link.txt --verbose=1
/usr/local/bin/cc  -DCHECK_FUNCTION_EXISTS=pthread_create CMakeFiles/cmTC_e8151.dir/CheckFunctionExists.c.o -o cmTC_e8151  -lpthread 
make[1]: 离开目录“/tugraph-db/build/CMakeFiles/CMakeScratch/TryCompile-C7Ld7T”



